# NPCs
Ameiva(lvl1) = characters/npcs/lvl1/ameiva_lvl1.npc
Cow(lvl1) = characters/npcs/lvl1/cow_lvl1.npc
Cow_A(lvl1) = characters/npcs/lvl1/cowa_lvl1.npc
Cow_B(lvl1) = characters/npcs/lvl1/cowb_lvl1.npc
Cow_C(lvl1) = characters/npcs/lvl1/cowc_lvl1.npc
Cow(lvl2) = characters/npcs/lvl2/cow_lvl2.npc
Cow_A(lvl2) = characters/npcs/lvl2/cowa_lvl2.npc
Cow_B(lvl2) = characters/npcs/lvl2/cowb_lvl2.npc
Cow_C(lvl2) = characters/npcs/lvl2/cowc_lvl2.npc
Donkey(lvl1) = characters/npcs/lvl1/donkey_lvl1.npc
Horse(lvl1) = characters/npcs/lvl1/horse_lvl1.npc
Galo(lvl1) = characters/npcs/lvl1/galo_lvl1.npc
Galo(lvl2) = characters/npcs/lvl2/galo_lvl2.npc
Ganso(lvl2) = characters/npcs/lvl2/ganso_lvl2.npc
Pig(lvl1) = characters/npcs/lvl1/pig_lvl1.npc
Ratazana(lvl1) = characters/npcs/lvl1/ratazana_lvl1.npc
Spider(1lvl) = characters/npcs/lvl1/spider_lvl1.npc
Spider(3lvl) = characters/npcs/lvl3/spider_lvl3.npc
Spider(5lvl) = characters/npcs/lvl5/spider_lvl5.npc
Spider(10lvl) = characters/npcs/lvl10/spider_lvl10.npc

# PCs
Atleticano(1lvl) = characters/pcs/atleticano.pc
Chico(4lvl) = characters/pcs/chico.pc
Child_Female(1lvl) = characters/pcs/guria.pc
Child_Female(1lvl) = characters/pcs/matilde.pc
Child_Male(1lvl) = characters/pcs/guri.pc
Child_Male2(1lvl) = characters/pcs/billy.pc
Cruzeirense(1lvl) = characters/pcs/cruzeirense.pc
Dona_Velha(2lvl) = characters/pcs/dona.pc
Hippie(2lvl) = characters/pcs/hippie.pc
Logan(20lvl) = characters/pcs/logan.pc
Metaleiro(1lvl) = characters/pcs/metaleiro.pc
Padre(6lvl) = characters/pcs/padre.pc
Santa(1lvl) = characters/pcs/santa.pc
Velhaca(1lvl) = characters/pcs/velhaca.pc
ZeDoBar(4lvl) = characters/pcs/zedobar.pc
