20
Bookshelf models/objetos/geral/bookshelf/bookshelf.dcc
Briefcase models/objetos/geral/mala/mala.dcc
Cap models/objetos/geral/cap/cap.dcc
Colarinho models/objetos/geral/colarinho_e_oculos/colarinho_e_oculos.dcc
Computer models/objetos/geral/computador/computador.dcc
Dinner_Chair models/objetos/geral/dinner_chair/dinner_chair.dcc
Dinner_Table models/objetos/geral/dinner_table/dinner_table.dcc
Et models/objetos/geral/et/et.dcc
Exclamation models/objetos/geral/exclamacao/exclamacao.dcc
Fridge models/objetos/geral/fridge/fridge.dcc
Guitar models/objetos/geral/guitarra/guitarra.dcc
Letto models/objetos/geral/letto/letto.dcc
Meuble models/objetos/geral/meuble/meuble.dcc
Notebook models/objetos/geral/notebook/notebook.dcc
Pillow models/objetos/geral/pillow/pillow.dcc
RefMachine models/objetos/geral/refmachine/refmachine.dcc
Rug models/objetos/geral/rug/rug.dcc
Sofa models/objetos/geral/sofa/sofa.dcc
TV_42 models/objetos/geral/tv42/tv42.dcc
Wardrobe models/objetos/geral/wardrobe/wardrobe.dcc
