Ametista = texturas/floor_indoor/ametista.png
Burl = texturas/floor_indoor/burl.png
Carpete_Dirty1 = texturas/floor_indoor/carpete_dirty1.png
Carpete_Dirty2 = texturas/floor_indoor/carpete_dirty2.png
Carpete_Dirty3 = texturas/floor_indoor/carpete_dirty3.png
Carpete = texturas/floor_indoor/carpete.png
Concrete6 = texturas/floor_indoor/concrete6.png
Corrosive = texturas/floor_indoor/corrosive.png
Gold2 = texturas/floor_indoor/gold2.png
Gold = texturas/floor_indoor/gold.png
Mosaic2 = texturas/floor_indoor/mosaic2.png
Mosaic = texturas/floor_indoor/mosaic.png
OldWood1 = texturas/floor_indoor/oldwood1.png
OldWood2 = texturas/floor_indoor/oldwood2.png
OldWood3_Dirty1 = texturas/floor_indoor/oldwood3_dirty1.png
OldWood3_Dirty2 = texturas/floor_indoor/oldwood3_dirty2.png
OldWood3_Dirty3 = texturas/floor_indoor/oldwood3_dirty3.png
OldWood3 = texturas/floor_indoor/oldwood3.png
Painted1 = texturas/floor_indoor/painted1.jpg
Plaster2 = texturas/floor_indoor/plaster2.jpg
Plaster3c = texturas/floor_indoor/plaster3c.png
Steel1_Dirty1 = texturas/floor_indoor/steel1_dirty1.png
Steel1 = texturas/floor_indoor/steel1.png
Steel2 = texturas/floor_indoor/steel2.png
Steel3_Dirty2 = texturas/floor_indoor/steel3_dirty2.png
Steel3_Dirty = texturas/floor_indoor/steel3_dirty.png
Steel3 = texturas/floor_indoor/steel3.png
Steel4_Dirty1 = texturas/floor_indoor/steel4_dirty1.png
Steel4 = texturas/floor_indoor/steel4.png
Stone2 = texturas/floor_indoor/stone2.png
StoneDiag = texturas/floor_indoor/stone_diag.png
Stone = texturas/floor_indoor/stone.png
StoneTile = texturas/floor_indoor/stonetile.png
Tile1_1 = texturas/floor_indoor/tile1_1.png
Tile1_2 = texturas/floor_indoor/tile1_2.png
Tile2_dirty1 = texturas/floor_indoor/tile2_dirty1.png
Tile2_dirty2 = texturas/floor_indoor/tile2_dirty2.png
Tile2_dirty3 = texturas/floor_indoor/tile2_dirty3.png
Tile2 = texturas/floor_indoor/tile2.png
Tile3 = texturas/floor_indoor/tile3.png
Wall8 = texturas/floor_indoor/wall8.jpg
Wall_Crete = texturas/floor_indoor/wall_crete03b.png
Wood1 = texturas/floor_indoor/wood1.png
Wood2 = texturas/floor_indoor/wood2.png
Wood3 = texturas/floor_indoor/wood3.png
Wood4 = texturas/floor_indoor/wood4.png
Wood5 = texturas/floor_indoor/wood5.png
Wood6 = texturas/floor_indoor/wood6.png
Wood7 = texturas/floor_indoor/wood7.png
Wood8 = texturas/floor_indoor/wood8.png
Wood = texturas/floor_indoor/wood.png
