Asfalt = texturas/floor_outdoor/asfalt.png
Burlwood = texturas/floor_outdoor/burlwood.png
Grass = texturas/floor_outdoor/grass.png
Grass2 = texturas/floor_outdoor/grass2.png
Grass3 = texturas/floor_outdoor/grass3.png
Grass4 = texturas/floor_outdoor/grass4.png
Grass5 = texturas/floor_outdoor/grass5.png
Grass6 = texturas/floor_outdoor/grass6.png
Grass7 = texturas/floor_outdoor/grass7.png
Grass8 = texturas/floor_outdoor/grass8.png
Ground = texturas/floor_outdoor/ground.png
Rock = texturas/floor_outdoor/rock.png
Rock2 = texturas/floor_outdoor/rock2.png
Rock3 = texturas/floor_outdoor/rock3.png
Sand = texturas/floor_outdoor/sand.png
Stones = texturas/floor_outdoor/stones.png
Stones2 = texturas/floor_outdoor/stones2.png
Street = texturas/floor_outdoor/streetng.png
Stressed = texturas/floor_outdoor/stressed.png
Terre6 = texturas/floor_outdoor/ofslayer/006terresable.png
Terre17 = texturas/floor_outdoor/ofslayer/017terresable.png
Terre20 = texturas/floor_outdoor/ofslayer/020terresable.png
Terre25 = texturas/floor_outdoor/ofslayer/025terresable.png
Terre35 = texturas/floor_outdoor/ofslayer/035terresable.png
Terre38 = texturas/floor_outdoor/ofslayer/038terresable.png
Terre57 = texturas/floor_outdoor/ofslayer/057terresable.png
Terre58 = texturas/floor_outdoor/ofslayer/058terresable.png
