19
Black_Board models/objetos/icex/quadro/quadro.dcc
Chair models/objetos/icex/cadeira/cadeira.dcc
Chair_Table models/objetos/icex/mesa_braco/mesa_braco.dcc
Fallout2_Box models/objetos/icex/fallout_box/fallout_box.dcc
Scavenger models/objetos/icex/lixo/lixo.dcc
Icex_Table models/objetos/icex/mesa_redonda/mesa_redonda.dcc
Portinari_1 models/objetos/paints/portinari_1/portinari_1.dcc
Ruindows_Box models/objetos/icex/ruindows_box/ruindows_box.dcc
Snes models/objetos/icex/snes/snes.dcc
Snes_Chrono models/objetos/icex/snes/chrono/snes_chrono.dcc
Snes_Contra models/objetos/icex/snes/contra/snes_contra.dcc
Snes_DK models/objetos/icex/snes/dk/snes_dk.dcc
Snes_Mario models/objetos/icex/snes/mario/snes_mario.dcc
Snes_Mario_Kart models/objetos/icex/snes/mariokart/snes_mariokart.dcc
Snes_RocknRoll_Racing models/objetos/icex/snes/rrr/snes_rrr.dcc
Snes_SF2 models/objetos/icex/snes/sf2/snes_sf2.dcc
Snes_Starfox models/objetos/icex/snes/starfox/snes_starfox.dcc
Snes_Topgear models/objetos/icex/snes/topgear/snes_topgear.dcc
Table models/objetos/icex/mesa/mesa.dcc
