Barrel = models/objetos/geral/barrel/barrel.dcc
Barrel1 = models/objetos/geral/barrels/barrel1/barrel1.dcc
Barrel2_1 = models/objetos/geral/barrels/barrel2/barrel2_1.dcc
Barrel2_2 = models/objetos/geral/barrels/barrel2/barrel2_2.dcc
Barrel3 = models/objetos/geral/barrels/barrel3/barrel3.dcc
Barrel_Santa = models/objetos/geral/santa_barrel/santa_barrel.dcc
Bar_Sign = models/objetos/geral/signs/bar_sign.dcc
Bench1 = models/street/bench1/bench1.dcc
Bench2 = models/street/bench2/bench2.dcc
Cond = models/street/cond/cond.dcc
Container = models/street/container/container.dcc
Fence1 = models/street/log_fence1/log_fence1.dcc
Fence2 = models/street/log_fence2/log_fence2.dcc
Fountain1 = models/street/fountain1/fountain1.dcc
Fountain2 = models/street/fountain2/fountain2.dcc
Hydrant = models/street/hydrant/hydrant.dcc
Lorry = models/objetos/industrial/lorry/lorry.dcc
LightPole = models/street/lightpole/lightpole.dcc
Mixer = models/street/mixer/mixer.dcc
Petro_Sign = models/objetos/geral/placa_petro/placa_petro.dcc
School_Sign = models/objetos/geral/signs/school_sign.dcc
Stop_Sign = models/objetos/geral/placa_pare/placa_pare.dcc
Street_Light1 = models/street/streetlight1/streetlight1.dcc
Street_Light2 = models/street/streetlight2/streetlight2.dcc
Street_Light3 = models/street/streetlight3/streetlight3.dcc
